<?xml version="1.0" encoding="UTF-8"?>
<testsuite xmlns:xsi="http://www.w3.org/2001/XMLSchema-instance" xsi:noNamespaceSchemaLocation="https://maven.apache.org/surefire/maven-surefire-plugin/xsd/surefire-test-report.xsd" version="3.0.2" name="com.example.admin.AdminApplicationTests" time="9.048" tests="1" errors="0" skipped="0" failures="0">
  <properties>
    <property name="java.specification.version" value="17"/>
    <property name="sun.cpu.isalist" value="amd64"/>
    <property name="sun.jnu.encoding" value="GBK"/>
    <property name="java.class.path" value="D:\javaproject\lifedemo\Admin\target\test-classes;D:\javaproject\lifedemo\Admin\target\classes;D:\project\maven\apache-maven-3.9.4-bin\apache-maven-3.9.4\mvn_repo\org\springframework\boot\spring-boot-starter-thymeleaf\3.5.5\spring-boot-starter-thymeleaf-3.5.5.jar;D:\project\maven\apache-maven-3.9.4-bin\apache-maven-3.9.4\mvn_repo\org\springframework\boot\spring-boot-starter\3.5.5\spring-boot-starter-3.5.5.jar;D:\project\maven\apache-maven-3.9.4-bin\apache-maven-3.9.4\mvn_repo\org\springframework\boot\spring-boot\3.5.5\spring-boot-3.5.5.jar;D:\project\maven\apache-maven-3.9.4-bin\apache-maven-3.9.4\mvn_repo\org\springframework\boot\spring-boot-starter-logging\3.5.5\spring-boot-starter-logging-3.5.5.jar;D:\project\maven\apache-maven-3.9.4-bin\apache-maven-3.9.4\mvn_repo\ch\qos\logback\logback-classic\1.5.18\logback-classic-1.5.18.jar;D:\project\maven\apache-maven-3.9.4-bin\apache-maven-3.9.4\mvn_repo\ch\qos\logback\logback-core\1.5.18\logback-core-1.5.18.jar;D:\project\maven\apache-maven-3.9.4-bin\apache-maven-3.9.4\mvn_repo\org\apache\logging\log4j\log4j-to-slf4j\2.24.3\log4j-to-slf4j-2.24.3.jar;D:\project\maven\apache-maven-3.9.4-bin\apache-maven-3.9.4\mvn_repo\org\apache\logging\log4j\log4j-api\2.24.3\log4j-api-2.24.3.jar;D:\project\maven\apache-maven-3.9.4-bin\apache-maven-3.9.4\mvn_repo\org\slf4j\jul-to-slf4j\2.0.17\jul-to-slf4j-2.0.17.jar;D:\project\maven\apache-maven-3.9.4-bin\apache-maven-3.9.4\mvn_repo\jakarta\annotation\jakarta.annotation-api\2.1.1\jakarta.annotation-api-2.1.1.jar;D:\project\maven\apache-maven-3.9.4-bin\apache-maven-3.9.4\mvn_repo\org\yaml\snakeyaml\2.4\snakeyaml-2.4.jar;D:\project\maven\apache-maven-3.9.4-bin\apache-maven-3.9.4\mvn_repo\org\thymeleaf\thymeleaf-spring6\3.1.3.RELEASE\thymeleaf-spring6-3.1.3.RELEASE.jar;D:\project\maven\apache-maven-3.9.4-bin\apache-maven-3.9.4\mvn_repo\org\thymeleaf\thymeleaf\3.1.3.RELEASE\thymeleaf-3.1.3.RELEASE.jar;D:\project\maven\apache-maven-3.9.4-bin\apache-maven-3.9.4\mvn_repo\org\attoparser\attoparser\2.0.7.RELEASE\attoparser-2.0.7.RELEASE.jar;D:\project\maven\apache-maven-3.9.4-bin\apache-maven-3.9.4\mvn_repo\org\unbescape\unbescape\1.1.6.RELEASE\unbescape-1.1.6.RELEASE.jar;D:\project\maven\apache-maven-3.9.4-bin\apache-maven-3.9.4\mvn_repo\org\springframework\boot\spring-boot-starter-web\3.5.5\spring-boot-starter-web-3.5.5.jar;D:\project\maven\apache-maven-3.9.4-bin\apache-maven-3.9.4\mvn_repo\org\springframework\boot\spring-boot-starter-json\3.5.5\spring-boot-starter-json-3.5.5.jar;D:\project\maven\apache-maven-3.9.4-bin\apache-maven-3.9.4\mvn_repo\com\fasterxml\jackson\core\jackson-databind\2.19.2\jackson-databind-2.19.2.jar;D:\project\maven\apache-maven-3.9.4-bin\apache-maven-3.9.4\mvn_repo\com\fasterxml\jackson\core\jackson-annotations\2.19.2\jackson-annotations-2.19.2.jar;D:\project\maven\apache-maven-3.9.4-bin\apache-maven-3.9.4\mvn_repo\com\fasterxml\jackson\core\jackson-core\2.19.2\jackson-core-2.19.2.jar;D:\project\maven\apache-maven-3.9.4-bin\apache-maven-3.9.4\mvn_repo\com\fasterxml\jackson\datatype\jackson-datatype-jdk8\2.19.2\jackson-datatype-jdk8-2.19.2.jar;D:\project\maven\apache-maven-3.9.4-bin\apache-maven-3.9.4\mvn_repo\com\fasterxml\jackson\datatype\jackson-datatype-jsr310\2.19.2\jackson-datatype-jsr310-2.19.2.jar;D:\project\maven\apache-maven-3.9.4-bin\apache-maven-3.9.4\mvn_repo\com\fasterxml\jackson\module\jackson-module-parameter-names\2.19.2\jackson-module-parameter-names-2.19.2.jar;D:\project\maven\apache-maven-3.9.4-bin\apache-maven-3.9.4\mvn_repo\org\springframework\boot\spring-boot-starter-tomcat\3.5.5\spring-boot-starter-tomcat-3.5.5.jar;D:\project\maven\apache-maven-3.9.4-bin\apache-maven-3.9.4\mvn_repo\org\apache\tomcat\embed\tomcat-embed-core\10.1.44\tomcat-embed-core-10.1.44.jar;D:\project\maven\apache-maven-3.9.4-bin\apache-maven-3.9.4\mvn_repo\org\apache\tomcat\embed\tomcat-embed-el\10.1.44\tomcat-embed-el-10.1.44.jar;D:\project\maven\apache-maven-3.9.4-bin\apache-maven-3.9.4\mvn_repo\org\apache\tomcat\embed\tomcat-embed-websocket\10.1.44\tomcat-embed-websocket-10.1.44.jar;D:\project\maven\apache-maven-3.9.4-bin\apache-maven-3.9.4\mvn_repo\org\springframework\spring-web\6.2.10\spring-web-6.2.10.jar;D:\project\maven\apache-maven-3.9.4-bin\apache-maven-3.9.4\mvn_repo\org\springframework\spring-beans\6.2.10\spring-beans-6.2.10.jar;D:\project\maven\apache-maven-3.9.4-bin\apache-maven-3.9.4\mvn_repo\io\micrometer\micrometer-observation\1.15.3\micrometer-observation-1.15.3.jar;D:\project\maven\apache-maven-3.9.4-bin\apache-maven-3.9.4\mvn_repo\io\micrometer\micrometer-commons\1.15.3\micrometer-commons-1.15.3.jar;D:\project\maven\apache-maven-3.9.4-bin\apache-maven-3.9.4\mvn_repo\org\springframework\spring-webmvc\6.2.10\spring-webmvc-6.2.10.jar;D:\project\maven\apache-maven-3.9.4-bin\apache-maven-3.9.4\mvn_repo\org\springframework\spring-context\6.2.10\spring-context-6.2.10.jar;D:\project\maven\apache-maven-3.9.4-bin\apache-maven-3.9.4\mvn_repo\org\springframework\spring-expression\6.2.10\spring-expression-6.2.10.jar;D:\project\maven\apache-maven-3.9.4-bin\apache-maven-3.9.4\mvn_repo\com\mysql\mysql-connector-j\9.4.0\mysql-connector-j-9.4.0.jar;D:\project\maven\apache-maven-3.9.4-bin\apache-maven-3.9.4\mvn_repo\org\projectlombok\lombok\1.18.38\lombok-1.18.38.jar;D:\project\maven\apache-maven-3.9.4-bin\apache-maven-3.9.4\mvn_repo\org\springframework\boot\spring-boot-starter-test\3.5.5\spring-boot-starter-test-3.5.5.jar;D:\project\maven\apache-maven-3.9.4-bin\apache-maven-3.9.4\mvn_repo\org\springframework\boot\spring-boot-test\3.5.5\spring-boot-test-3.5.5.jar;D:\project\maven\apache-maven-3.9.4-bin\apache-maven-3.9.4\mvn_repo\org\springframework\boot\spring-boot-test-autoconfigure\3.5.5\spring-boot-test-autoconfigure-3.5.5.jar;D:\project\maven\apache-maven-3.9.4-bin\apache-maven-3.9.4\mvn_repo\com\jayway\jsonpath\json-path\2.9.0\json-path-2.9.0.jar;D:\project\maven\apache-maven-3.9.4-bin\apache-maven-3.9.4\mvn_repo\jakarta\xml\bind\jakarta.xml.bind-api\4.0.2\jakarta.xml.bind-api-4.0.2.jar;D:\project\maven\apache-maven-3.9.4-bin\apache-maven-3.9.4\mvn_repo\jakarta\activation\jakarta.activation-api\2.1.3\jakarta.activation-api-2.1.3.jar;D:\project\maven\apache-maven-3.9.4-bin\apache-maven-3.9.4\mvn_repo\net\minidev\json-smart\2.5.2\json-smart-2.5.2.jar;D:\project\maven\apache-maven-3.9.4-bin\apache-maven-3.9.4\mvn_repo\net\minidev\accessors-smart\2.5.2\accessors-smart-2.5.2.jar;D:\project\maven\apache-maven-3.9.4-bin\apache-maven-3.9.4\mvn_repo\org\ow2\asm\asm\9.7.1\asm-9.7.1.jar;D:\project\maven\apache-maven-3.9.4-bin\apache-maven-3.9.4\mvn_repo\org\assertj\assertj-core\3.27.4\assertj-core-3.27.4.jar;D:\project\maven\apache-maven-3.9.4-bin\apache-maven-3.9.4\mvn_repo\net\bytebuddy\byte-buddy\1.17.7\byte-buddy-1.17.7.jar;D:\project\maven\apache-maven-3.9.4-bin\apache-maven-3.9.4\mvn_repo\org\awaitility\awaitility\4.2.2\awaitility-4.2.2.jar;D:\project\maven\apache-maven-3.9.4-bin\apache-maven-3.9.4\mvn_repo\org\hamcrest\hamcrest\3.0\hamcrest-3.0.jar;D:\project\maven\apache-maven-3.9.4-bin\apache-maven-3.9.4\mvn_repo\org\junit\jupiter\junit-jupiter\5.12.2\junit-jupiter-5.12.2.jar;D:\project\maven\apache-maven-3.9.4-bin\apache-maven-3.9.4\mvn_repo\org\junit\jupiter\junit-jupiter-api\5.12.2\junit-jupiter-api-5.12.2.jar;D:\project\maven\apache-maven-3.9.4-bin\apache-maven-3.9.4\mvn_repo\org\opentest4j\opentest4j\1.3.0\opentest4j-1.3.0.jar;D:\project\maven\apache-maven-3.9.4-bin\apache-maven-3.9.4\mvn_repo\org\junit\platform\junit-platform-commons\1.12.2\junit-platform-commons-1.12.2.jar;D:\project\maven\apache-maven-3.9.4-bin\apache-maven-3.9.4\mvn_repo\org\apiguardian\apiguardian-api\1.1.2\apiguardian-api-1.1.2.jar;D:\project\maven\apache-maven-3.9.4-bin\apache-maven-3.9.4\mvn_repo\org\junit\jupiter\junit-jupiter-params\5.12.2\junit-jupiter-params-5.12.2.jar;D:\project\maven\apache-maven-3.9.4-bin\apache-maven-3.9.4\mvn_repo\org\junit\jupiter\junit-jupiter-engine\5.12.2\junit-jupiter-engine-5.12.2.jar;D:\project\maven\apache-maven-3.9.4-bin\apache-maven-3.9.4\mvn_repo\org\junit\platform\junit-platform-engine\1.12.2\junit-platform-engine-1.12.2.jar;D:\project\maven\apache-maven-3.9.4-bin\apache-maven-3.9.4\mvn_repo\org\mockito\mockito-core\5.17.0\mockito-core-5.17.0.jar;D:\project\maven\apache-maven-3.9.4-bin\apache-maven-3.9.4\mvn_repo\net\bytebuddy\byte-buddy-agent\1.17.7\byte-buddy-agent-1.17.7.jar;D:\project\maven\apache-maven-3.9.4-bin\apache-maven-3.9.4\mvn_repo\org\objenesis\objenesis\3.3\objenesis-3.3.jar;D:\project\maven\apache-maven-3.9.4-bin\apache-maven-3.9.4\mvn_repo\org\mockito\mockito-junit-jupiter\5.17.0\mockito-junit-jupiter-5.17.0.jar;D:\project\maven\apache-maven-3.9.4-bin\apache-maven-3.9.4\mvn_repo\org\skyscreamer\jsonassert\1.5.3\jsonassert-1.5.3.jar;D:\project\maven\apache-maven-3.9.4-bin\apache-maven-3.9.4\mvn_repo\com\vaadin\external\google\android-json\0.0.20131108.vaadin1\android-json-0.0.20131108.vaadin1.jar;D:\project\maven\apache-maven-3.9.4-bin\apache-maven-3.9.4\mvn_repo\org\springframework\spring-core\6.2.10\spring-core-6.2.10.jar;D:\project\maven\apache-maven-3.9.4-bin\apache-maven-3.9.4\mvn_repo\org\springframework\spring-jcl\6.2.10\spring-jcl-6.2.10.jar;D:\project\maven\apache-maven-3.9.4-bin\apache-maven-3.9.4\mvn_repo\org\springframework\spring-test\6.2.10\spring-test-6.2.10.jar;D:\project\maven\apache-maven-3.9.4-bin\apache-maven-3.9.4\mvn_repo\org\xmlunit\xmlunit-core\2.10.3\xmlunit-core-2.10.3.jar;D:\project\maven\apache-maven-3.9.4-bin\apache-maven-3.9.4\mvn_repo\com\github\yulichang\mybatis-plus-spring-boot3-starter\3.5.8-001\mybatis-plus-spring-boot3-starter-3.5.8-001.jar;D:\project\maven\apache-maven-3.9.4-bin\apache-maven-3.9.4\mvn_repo\com\baomidou\mybatis-plus-spring-boot3-starter\3.5.8\mybatis-plus-spring-boot3-starter-3.5.8.jar;D:\project\maven\apache-maven-3.9.4-bin\apache-maven-3.9.4\mvn_repo\org\mybatis\mybatis-spring\3.0.4\mybatis-spring-3.0.4.jar;D:\project\maven\apache-maven-3.9.4-bin\apache-maven-3.9.4\mvn_repo\org\springframework\boot\spring-boot-starter-jdbc\3.5.5\spring-boot-starter-jdbc-3.5.5.jar;D:\project\maven\apache-maven-3.9.4-bin\apache-maven-3.9.4\mvn_repo\com\zaxxer\HikariCP\6.3.2\HikariCP-6.3.2.jar;D:\project\maven\apache-maven-3.9.4-bin\apache-maven-3.9.4\mvn_repo\org\springframework\spring-jdbc\6.2.10\spring-jdbc-6.2.10.jar;D:\project\maven\apache-maven-3.9.4-bin\apache-maven-3.9.4\mvn_repo\org\springframework\spring-tx\6.2.10\spring-tx-6.2.10.jar;D:\project\maven\apache-maven-3.9.4-bin\apache-maven-3.9.4\mvn_repo\com\github\yulichang\mybatis-plus\3.5.8-001\mybatis-plus-3.5.8-001.jar;D:\project\maven\apache-maven-3.9.4-bin\apache-maven-3.9.4\mvn_repo\com\github\yulichang\mybatis-plus-core\3.5.8-001\mybatis-plus-core-3.5.8-001.jar;D:\project\maven\apache-maven-3.9.4-bin\apache-maven-3.9.4\mvn_repo\com\github\yulichang\mybatis-plus-join-boot-starter\1.5.1\mybatis-plus-join-boot-starter-1.5.1.jar;D:\project\maven\apache-maven-3.9.4-bin\apache-maven-3.9.4\mvn_repo\com\github\yulichang\mybatis-plus-join-extension\1.5.1\mybatis-plus-join-extension-1.5.1.jar;D:\project\maven\apache-maven-3.9.4-bin\apache-maven-3.9.4\mvn_repo\com\github\yulichang\mybatis-plus-join-core\1.5.1\mybatis-plus-join-core-1.5.1.jar;D:\project\maven\apache-maven-3.9.4-bin\apache-maven-3.9.4\mvn_repo\com\github\yulichang\mybatis-plus-join-annotation\1.5.1\mybatis-plus-join-annotation-1.5.1.jar;D:\project\maven\apache-maven-3.9.4-bin\apache-maven-3.9.4\mvn_repo\com\github\yulichang\mybatis-plus-join-adapter-v33x\1.5.1\mybatis-plus-join-adapter-v33x-1.5.1.jar;D:\project\maven\apache-maven-3.9.4-bin\apache-maven-3.9.4\mvn_repo\com\github\yulichang\mybatis-plus-join-adapter-base\1.5.1\mybatis-plus-join-adapter-base-1.5.1.jar;D:\project\maven\apache-maven-3.9.4-bin\apache-maven-3.9.4\mvn_repo\com\github\yulichang\mybatis-plus-join-adapter-jsqlparser\1.5.1\mybatis-plus-join-adapter-jsqlparser-1.5.1.jar;D:\project\maven\apache-maven-3.9.4-bin\apache-maven-3.9.4\mvn_repo\com\github\yulichang\mybatis-plus-join-adapter-jsqlparser-v46\1.5.1\mybatis-plus-join-adapter-jsqlparser-v46-1.5.1.jar;D:\project\maven\apache-maven-3.9.4-bin\apache-maven-3.9.4\mvn_repo\com\github\yulichang\mybatis-plus-join-adapter-v3431\1.5.1\mybatis-plus-join-adapter-v3431-1.5.1.jar;D:\project\maven\apache-maven-3.9.4-bin\apache-maven-3.9.4\mvn_repo\com\github\yulichang\mybatis-plus-join-adapter-v352\1.5.1\mybatis-plus-join-adapter-v352-1.5.1.jar;D:\project\maven\apache-maven-3.9.4-bin\apache-maven-3.9.4\mvn_repo\com\github\yulichang\mybatis-plus-join-adapter-v355\1.5.1\mybatis-plus-join-adapter-v355-1.5.1.jar;D:\project\maven\apache-maven-3.9.4-bin\apache-maven-3.9.4\mvn_repo\com\github\yulichang\mybatis-plus-annotation\3.5.8-001\mybatis-plus-annotation-3.5.8-001.jar;D:\project\maven\apache-maven-3.9.4-bin\apache-maven-3.9.4\mvn_repo\com\baomidou\mybatis-plus-annotation\3.5.8\mybatis-plus-annotation-3.5.8.jar;D:\project\maven\apache-maven-3.9.4-bin\apache-maven-3.9.4\mvn_repo\com\github\yulichang\mybatis-plus-extension\3.5.8-001\mybatis-plus-extension-3.5.8-001.jar;D:\project\maven\apache-maven-3.9.4-bin\apache-maven-3.9.4\mvn_repo\org\mybatis\mybatis\3.5.16\mybatis-3.5.16.jar;D:\project\maven\apache-maven-3.9.4-bin\apache-maven-3.9.4\mvn_repo\com\github\jsqlparser\jsqlparser\5.0\jsqlparser-5.0.jar;D:\project\maven\apache-maven-3.9.4-bin\apache-maven-3.9.4\mvn_repo\com\github\yulichang\mybatis-plus-spring-boot-autoconfigure\3.5.8-001\mybatis-plus-spring-boot-autoconfigure-3.5.8-001.jar;D:\project\maven\apache-maven-3.9.4-bin\apache-maven-3.9.4\mvn_repo\com\baomidou\mybatis-plus-spring-boot-autoconfigure\3.5.8\mybatis-plus-spring-boot-autoconfigure-3.5.8.jar;D:\project\maven\apache-maven-3.9.4-bin\apache-maven-3.9.4\mvn_repo\com\alibaba\druid-spring-boot-starter\1.2.26\druid-spring-boot-starter-1.2.26.jar;D:\project\maven\apache-maven-3.9.4-bin\apache-maven-3.9.4\mvn_repo\com\alibaba\druid\1.2.26\druid-1.2.26.jar;D:\project\maven\apache-maven-3.9.4-bin\apache-maven-3.9.4\mvn_repo\org\slf4j\slf4j-api\2.0.17\slf4j-api-2.0.17.jar;D:\project\maven\apache-maven-3.9.4-bin\apache-maven-3.9.4\mvn_repo\org\springframework\boot\spring-boot-autoconfigure\3.5.5\spring-boot-autoconfigure-3.5.5.jar;D:\project\maven\apache-maven-3.9.4-bin\apache-maven-3.9.4\mvn_repo\org\glassfish\jaxb\jaxb-runtime\4.0.5\jaxb-runtime-4.0.5.jar;D:\project\maven\apache-maven-3.9.4-bin\apache-maven-3.9.4\mvn_repo\org\glassfish\jaxb\jaxb-core\4.0.5\jaxb-core-4.0.5.jar;D:\project\maven\apache-maven-3.9.4-bin\apache-maven-3.9.4\mvn_repo\org\eclipse\angus\angus-activation\2.0.2\angus-activation-2.0.2.jar;D:\project\maven\apache-maven-3.9.4-bin\apache-maven-3.9.4\mvn_repo\org\glassfish\jaxb\txw2\4.0.5\txw2-4.0.5.jar;D:\project\maven\apache-maven-3.9.4-bin\apache-maven-3.9.4\mvn_repo\com\sun\istack\istack-commons-runtime\4.1.2\istack-commons-runtime-4.1.2.jar;D:\project\maven\apache-maven-3.9.4-bin\apache-maven-3.9.4\mvn_repo\com\github\xiaoymin\knife4j-openapi3-jakarta-spring-boot-starter\4.5.0\knife4j-openapi3-jakarta-spring-boot-starter-4.5.0.jar;D:\project\maven\apache-maven-3.9.4-bin\apache-maven-3.9.4\mvn_repo\com\github\xiaoymin\knife4j-core\4.5.0\knife4j-core-4.5.0.jar;D:\project\maven\apache-maven-3.9.4-bin\apache-maven-3.9.4\mvn_repo\com\github\xiaoymin\knife4j-openapi3-ui\4.5.0\knife4j-openapi3-ui-4.5.0.jar;D:\project\maven\apache-maven-3.9.4-bin\apache-maven-3.9.4\mvn_repo\org\springdoc\springdoc-openapi-starter-webmvc-ui\2.3.0\springdoc-openapi-starter-webmvc-ui-2.3.0.jar;D:\project\maven\apache-maven-3.9.4-bin\apache-maven-3.9.4\mvn_repo\org\springdoc\springdoc-openapi-starter-webmvc-api\2.3.0\springdoc-openapi-starter-webmvc-api-2.3.0.jar;D:\project\maven\apache-maven-3.9.4-bin\apache-maven-3.9.4\mvn_repo\org\springdoc\springdoc-openapi-starter-common\2.3.0\springdoc-openapi-starter-common-2.3.0.jar;D:\project\maven\apache-maven-3.9.4-bin\apache-maven-3.9.4\mvn_repo\io\swagger\core\v3\swagger-core-jakarta\2.2.19\swagger-core-jakarta-2.2.19.jar;D:\project\maven\apache-maven-3.9.4-bin\apache-maven-3.9.4\mvn_repo\org\apache\commons\commons-lang3\3.17.0\commons-lang3-3.17.0.jar;D:\project\maven\apache-maven-3.9.4-bin\apache-maven-3.9.4\mvn_repo\io\swagger\core\v3\swagger-annotations-jakarta\2.2.19\swagger-annotations-jakarta-2.2.19.jar;D:\project\maven\apache-maven-3.9.4-bin\apache-maven-3.9.4\mvn_repo\io\swagger\core\v3\swagger-models-jakarta\2.2.19\swagger-models-jakarta-2.2.19.jar;D:\project\maven\apache-maven-3.9.4-bin\apache-maven-3.9.4\mvn_repo\jakarta\validation\jakarta.validation-api\3.0.2\jakarta.validation-api-3.0.2.jar;D:\project\maven\apache-maven-3.9.4-bin\apache-maven-3.9.4\mvn_repo\com\fasterxml\jackson\dataformat\jackson-dataformat-yaml\2.19.2\jackson-dataformat-yaml-2.19.2.jar;D:\project\maven\apache-maven-3.9.4-bin\apache-maven-3.9.4\mvn_repo\org\webjars\swagger-ui\5.10.3\swagger-ui-5.10.3.jar;D:\project\maven\apache-maven-3.9.4-bin\apache-maven-3.9.4\mvn_repo\org\springframework\boot\spring-boot-starter-security\3.5.5\spring-boot-starter-security-3.5.5.jar;D:\project\maven\apache-maven-3.9.4-bin\apache-maven-3.9.4\mvn_repo\org\springframework\spring-aop\6.2.10\spring-aop-6.2.10.jar;D:\project\maven\apache-maven-3.9.4-bin\apache-maven-3.9.4\mvn_repo\org\springframework\security\spring-security-config\6.5.3\spring-security-config-6.5.3.jar;D:\project\maven\apache-maven-3.9.4-bin\apache-maven-3.9.4\mvn_repo\org\springframework\security\spring-security-core\6.5.3\spring-security-core-6.5.3.jar;D:\project\maven\apache-maven-3.9.4-bin\apache-maven-3.9.4\mvn_repo\org\springframework\security\spring-security-crypto\6.5.3\spring-security-crypto-6.5.3.jar;D:\project\maven\apache-maven-3.9.4-bin\apache-maven-3.9.4\mvn_repo\org\springframework\security\spring-security-web\6.5.3\spring-security-web-6.5.3.jar;D:\project\maven\apache-maven-3.9.4-bin\apache-maven-3.9.4\mvn_repo\com\alibaba\fastjson\2.0.37\fastjson-2.0.37.jar;D:\project\maven\apache-maven-3.9.4-bin\apache-maven-3.9.4\mvn_repo\com\alibaba\fastjson2\fastjson2-extension\2.0.37\fastjson2-extension-2.0.37.jar;D:\project\maven\apache-maven-3.9.4-bin\apache-maven-3.9.4\mvn_repo\com\alibaba\fastjson2\fastjson2\2.0.37\fastjson2-2.0.37.jar;"/>
    <property name="java.vm.vendor" value="Microsoft"/>
    <property name="sun.arch.data.model" value="64"/>
    <property name="user.variant" value=""/>
    <property name="java.vendor.url" value="https://www.microsoft.com"/>
    <property name="user.timezone" value="Asia/Shanghai"/>
    <property name="os.name" value="Windows 11"/>
    <property name="java.vm.specification.version" value="17"/>
    <property name="APPLICATION_NAME" value="admin-service"/>
    <property name="sun.java.launcher" value="SUN_STANDARD"/>
    <property name="user.country" value="CN"/>
    <property name="sun.boot.library.path" value="D:\project\jdk\jdk17\bin"/>
    <property name="sun.java.command" value="C:\Users\lenovo\AppData\Local\Temp\surefire1447337914524583825\surefirebooter-20250916084543462_3.jar C:\Users\lenovo\AppData\Local\Temp\surefire1447337914524583825 2025-09-16T08-45-42_981-jvmRun1 surefire-20250916084543462_1tmp surefire_0-20250916084543462_2tmp"/>
    <property name="jdk.debug" value="release"/>
    <property name="surefire.test.class.path" value="D:\javaproject\lifedemo\Admin\target\test-classes;D:\javaproject\lifedemo\Admin\target\classes;D:\project\maven\apache-maven-3.9.4-bin\apache-maven-3.9.4\mvn_repo\org\springframework\boot\spring-boot-starter-thymeleaf\3.5.5\spring-boot-starter-thymeleaf-3.5.5.jar;D:\project\maven\apache-maven-3.9.4-bin\apache-maven-3.9.4\mvn_repo\org\springframework\boot\spring-boot-starter\3.5.5\spring-boot-starter-3.5.5.jar;D:\project\maven\apache-maven-3.9.4-bin\apache-maven-3.9.4\mvn_repo\org\springframework\boot\spring-boot\3.5.5\spring-boot-3.5.5.jar;D:\project\maven\apache-maven-3.9.4-bin\apache-maven-3.9.4\mvn_repo\org\springframework\boot\spring-boot-starter-logging\3.5.5\spring-boot-starter-logging-3.5.5.jar;D:\project\maven\apache-maven-3.9.4-bin\apache-maven-3.9.4\mvn_repo\ch\qos\logback\logback-classic\1.5.18\logback-classic-1.5.18.jar;D:\project\maven\apache-maven-3.9.4-bin\apache-maven-3.9.4\mvn_repo\ch\qos\logback\logback-core\1.5.18\logback-core-1.5.18.jar;D:\project\maven\apache-maven-3.9.4-bin\apache-maven-3.9.4\mvn_repo\org\apache\logging\log4j\log4j-to-slf4j\2.24.3\log4j-to-slf4j-2.24.3.jar;D:\project\maven\apache-maven-3.9.4-bin\apache-maven-3.9.4\mvn_repo\org\apache\logging\log4j\log4j-api\2.24.3\log4j-api-2.24.3.jar;D:\project\maven\apache-maven-3.9.4-bin\apache-maven-3.9.4\mvn_repo\org\slf4j\jul-to-slf4j\2.0.17\jul-to-slf4j-2.0.17.jar;D:\project\maven\apache-maven-3.9.4-bin\apache-maven-3.9.4\mvn_repo\jakarta\annotation\jakarta.annotation-api\2.1.1\jakarta.annotation-api-2.1.1.jar;D:\project\maven\apache-maven-3.9.4-bin\apache-maven-3.9.4\mvn_repo\org\yaml\snakeyaml\2.4\snakeyaml-2.4.jar;D:\project\maven\apache-maven-3.9.4-bin\apache-maven-3.9.4\mvn_repo\org\thymeleaf\thymeleaf-spring6\3.1.3.RELEASE\thymeleaf-spring6-3.1.3.RELEASE.jar;D:\project\maven\apache-maven-3.9.4-bin\apache-maven-3.9.4\mvn_repo\org\thymeleaf\thymeleaf\3.1.3.RELEASE\thymeleaf-3.1.3.RELEASE.jar;D:\project\maven\apache-maven-3.9.4-bin\apache-maven-3.9.4\mvn_repo\org\attoparser\attoparser\2.0.7.RELEASE\attoparser-2.0.7.RELEASE.jar;D:\project\maven\apache-maven-3.9.4-bin\apache-maven-3.9.4\mvn_repo\org\unbescape\unbescape\1.1.6.RELEASE\unbescape-1.1.6.RELEASE.jar;D:\project\maven\apache-maven-3.9.4-bin\apache-maven-3.9.4\mvn_repo\org\springframework\boot\spring-boot-starter-web\3.5.5\spring-boot-starter-web-3.5.5.jar;D:\project\maven\apache-maven-3.9.4-bin\apache-maven-3.9.4\mvn_repo\org\springframework\boot\spring-boot-starter-json\3.5.5\spring-boot-starter-json-3.5.5.jar;D:\project\maven\apache-maven-3.9.4-bin\apache-maven-3.9.4\mvn_repo\com\fasterxml\jackson\core\jackson-databind\2.19.2\jackson-databind-2.19.2.jar;D:\project\maven\apache-maven-3.9.4-bin\apache-maven-3.9.4\mvn_repo\com\fasterxml\jackson\core\jackson-annotations\2.19.2\jackson-annotations-2.19.2.jar;D:\project\maven\apache-maven-3.9.4-bin\apache-maven-3.9.4\mvn_repo\com\fasterxml\jackson\core\jackson-core\2.19.2\jackson-core-2.19.2.jar;D:\project\maven\apache-maven-3.9.4-bin\apache-maven-3.9.4\mvn_repo\com\fasterxml\jackson\datatype\jackson-datatype-jdk8\2.19.2\jackson-datatype-jdk8-2.19.2.jar;D:\project\maven\apache-maven-3.9.4-bin\apache-maven-3.9.4\mvn_repo\com\fasterxml\jackson\datatype\jackson-datatype-jsr310\2.19.2\jackson-datatype-jsr310-2.19.2.jar;D:\project\maven\apache-maven-3.9.4-bin\apache-maven-3.9.4\mvn_repo\com\fasterxml\jackson\module\jackson-module-parameter-names\2.19.2\jackson-module-parameter-names-2.19.2.jar;D:\project\maven\apache-maven-3.9.4-bin\apache-maven-3.9.4\mvn_repo\org\springframework\boot\spring-boot-starter-tomcat\3.5.5\spring-boot-starter-tomcat-3.5.5.jar;D:\project\maven\apache-maven-3.9.4-bin\apache-maven-3.9.4\mvn_repo\org\apache\tomcat\embed\tomcat-embed-core\10.1.44\tomcat-embed-core-10.1.44.jar;D:\project\maven\apache-maven-3.9.4-bin\apache-maven-3.9.4\mvn_repo\org\apache\tomcat\embed\tomcat-embed-el\10.1.44\tomcat-embed-el-10.1.44.jar;D:\project\maven\apache-maven-3.9.4-bin\apache-maven-3.9.4\mvn_repo\org\apache\tomcat\embed\tomcat-embed-websocket\10.1.44\tomcat-embed-websocket-10.1.44.jar;D:\project\maven\apache-maven-3.9.4-bin\apache-maven-3.9.4\mvn_repo\org\springframework\spring-web\6.2.10\spring-web-6.2.10.jar;D:\project\maven\apache-maven-3.9.4-bin\apache-maven-3.9.4\mvn_repo\org\springframework\spring-beans\6.2.10\spring-beans-6.2.10.jar;D:\project\maven\apache-maven-3.9.4-bin\apache-maven-3.9.4\mvn_repo\io\micrometer\micrometer-observation\1.15.3\micrometer-observation-1.15.3.jar;D:\project\maven\apache-maven-3.9.4-bin\apache-maven-3.9.4\mvn_repo\io\micrometer\micrometer-commons\1.15.3\micrometer-commons-1.15.3.jar;D:\project\maven\apache-maven-3.9.4-bin\apache-maven-3.9.4\mvn_repo\org\springframework\spring-webmvc\6.2.10\spring-webmvc-6.2.10.jar;D:\project\maven\apache-maven-3.9.4-bin\apache-maven-3.9.4\mvn_repo\org\springframework\spring-context\6.2.10\spring-context-6.2.10.jar;D:\project\maven\apache-maven-3.9.4-bin\apache-maven-3.9.4\mvn_repo\org\springframework\spring-expression\6.2.10\spring-expression-6.2.10.jar;D:\project\maven\apache-maven-3.9.4-bin\apache-maven-3.9.4\mvn_repo\com\mysql\mysql-connector-j\9.4.0\mysql-connector-j-9.4.0.jar;D:\project\maven\apache-maven-3.9.4-bin\apache-maven-3.9.4\mvn_repo\org\projectlombok\lombok\1.18.38\lombok-1.18.38.jar;D:\project\maven\apache-maven-3.9.4-bin\apache-maven-3.9.4\mvn_repo\org\springframework\boot\spring-boot-starter-test\3.5.5\spring-boot-starter-test-3.5.5.jar;D:\project\maven\apache-maven-3.9.4-bin\apache-maven-3.9.4\mvn_repo\org\springframework\boot\spring-boot-test\3.5.5\spring-boot-test-3.5.5.jar;D:\project\maven\apache-maven-3.9.4-bin\apache-maven-3.9.4\mvn_repo\org\springframework\boot\spring-boot-test-autoconfigure\3.5.5\spring-boot-test-autoconfigure-3.5.5.jar;D:\project\maven\apache-maven-3.9.4-bin\apache-maven-3.9.4\mvn_repo\com\jayway\jsonpath\json-path\2.9.0\json-path-2.9.0.jar;D:\project\maven\apache-maven-3.9.4-bin\apache-maven-3.9.4\mvn_repo\jakarta\xml\bind\jakarta.xml.bind-api\4.0.2\jakarta.xml.bind-api-4.0.2.jar;D:\project\maven\apache-maven-3.9.4-bin\apache-maven-3.9.4\mvn_repo\jakarta\activation\jakarta.activation-api\2.1.3\jakarta.activation-api-2.1.3.jar;D:\project\maven\apache-maven-3.9.4-bin\apache-maven-3.9.4\mvn_repo\net\minidev\json-smart\2.5.2\json-smart-2.5.2.jar;D:\project\maven\apache-maven-3.9.4-bin\apache-maven-3.9.4\mvn_repo\net\minidev\accessors-smart\2.5.2\accessors-smart-2.5.2.jar;D:\project\maven\apache-maven-3.9.4-bin\apache-maven-3.9.4\mvn_repo\org\ow2\asm\asm\9.7.1\asm-9.7.1.jar;D:\project\maven\apache-maven-3.9.4-bin\apache-maven-3.9.4\mvn_repo\org\assertj\assertj-core\3.27.4\assertj-core-3.27.4.jar;D:\project\maven\apache-maven-3.9.4-bin\apache-maven-3.9.4\mvn_repo\net\bytebuddy\byte-buddy\1.17.7\byte-buddy-1.17.7.jar;D:\project\maven\apache-maven-3.9.4-bin\apache-maven-3.9.4\mvn_repo\org\awaitility\awaitility\4.2.2\awaitility-4.2.2.jar;D:\project\maven\apache-maven-3.9.4-bin\apache-maven-3.9.4\mvn_repo\org\hamcrest\hamcrest\3.0\hamcrest-3.0.jar;D:\project\maven\apache-maven-3.9.4-bin\apache-maven-3.9.4\mvn_repo\org\junit\jupiter\junit-jupiter\5.12.2\junit-jupiter-5.12.2.jar;D:\project\maven\apache-maven-3.9.4-bin\apache-maven-3.9.4\mvn_repo\org\junit\jupiter\junit-jupiter-api\5.12.2\junit-jupiter-api-5.12.2.jar;D:\project\maven\apache-maven-3.9.4-bin\apache-maven-3.9.4\mvn_repo\org\opentest4j\opentest4j\1.3.0\opentest4j-1.3.0.jar;D:\project\maven\apache-maven-3.9.4-bin\apache-maven-3.9.4\mvn_repo\org\junit\platform\junit-platform-commons\1.12.2\junit-platform-commons-1.12.2.jar;D:\project\maven\apache-maven-3.9.4-bin\apache-maven-3.9.4\mvn_repo\org\apiguardian\apiguardian-api\1.1.2\apiguardian-api-1.1.2.jar;D:\project\maven\apache-maven-3.9.4-bin\apache-maven-3.9.4\mvn_repo\org\junit\jupiter\junit-jupiter-params\5.12.2\junit-jupiter-params-5.12.2.jar;D:\project\maven\apache-maven-3.9.4-bin\apache-maven-3.9.4\mvn_repo\org\junit\jupiter\junit-jupiter-engine\5.12.2\junit-jupiter-engine-5.12.2.jar;D:\project\maven\apache-maven-3.9.4-bin\apache-maven-3.9.4\mvn_repo\org\junit\platform\junit-platform-engine\1.12.2\junit-platform-engine-1.12.2.jar;D:\project\maven\apache-maven-3.9.4-bin\apache-maven-3.9.4\mvn_repo\org\mockito\mockito-core\5.17.0\mockito-core-5.17.0.jar;D:\project\maven\apache-maven-3.9.4-bin\apache-maven-3.9.4\mvn_repo\net\bytebuddy\byte-buddy-agent\1.17.7\byte-buddy-agent-1.17.7.jar;D:\project\maven\apache-maven-3.9.4-bin\apache-maven-3.9.4\mvn_repo\org\objenesis\objenesis\3.3\objenesis-3.3.jar;D:\project\maven\apache-maven-3.9.4-bin\apache-maven-3.9.4\mvn_repo\org\mockito\mockito-junit-jupiter\5.17.0\mockito-junit-jupiter-5.17.0.jar;D:\project\maven\apache-maven-3.9.4-bin\apache-maven-3.9.4\mvn_repo\org\skyscreamer\jsonassert\1.5.3\jsonassert-1.5.3.jar;D:\project\maven\apache-maven-3.9.4-bin\apache-maven-3.9.4\mvn_repo\com\vaadin\external\google\android-json\0.0.20131108.vaadin1\android-json-0.0.20131108.vaadin1.jar;D:\project\maven\apache-maven-3.9.4-bin\apache-maven-3.9.4\mvn_repo\org\springframework\spring-core\6.2.10\spring-core-6.2.10.jar;D:\project\maven\apache-maven-3.9.4-bin\apache-maven-3.9.4\mvn_repo\org\springframework\spring-jcl\6.2.10\spring-jcl-6.2.10.jar;D:\project\maven\apache-maven-3.9.4-bin\apache-maven-3.9.4\mvn_repo\org\springframework\spring-test\6.2.10\spring-test-6.2.10.jar;D:\project\maven\apache-maven-3.9.4-bin\apache-maven-3.9.4\mvn_repo\org\xmlunit\xmlunit-core\2.10.3\xmlunit-core-2.10.3.jar;D:\project\maven\apache-maven-3.9.4-bin\apache-maven-3.9.4\mvn_repo\com\github\yulichang\mybatis-plus-spring-boot3-starter\3.5.8-001\mybatis-plus-spring-boot3-starter-3.5.8-001.jar;D:\project\maven\apache-maven-3.9.4-bin\apache-maven-3.9.4\mvn_repo\com\baomidou\mybatis-plus-spring-boot3-starter\3.5.8\mybatis-plus-spring-boot3-starter-3.5.8.jar;D:\project\maven\apache-maven-3.9.4-bin\apache-maven-3.9.4\mvn_repo\org\mybatis\mybatis-spring\3.0.4\mybatis-spring-3.0.4.jar;D:\project\maven\apache-maven-3.9.4-bin\apache-maven-3.9.4\mvn_repo\org\springframework\boot\spring-boot-starter-jdbc\3.5.5\spring-boot-starter-jdbc-3.5.5.jar;D:\project\maven\apache-maven-3.9.4-bin\apache-maven-3.9.4\mvn_repo\com\zaxxer\HikariCP\6.3.2\HikariCP-6.3.2.jar;D:\project\maven\apache-maven-3.9.4-bin\apache-maven-3.9.4\mvn_repo\org\springframework\spring-jdbc\6.2.10\spring-jdbc-6.2.10.jar;D:\project\maven\apache-maven-3.9.4-bin\apache-maven-3.9.4\mvn_repo\org\springframework\spring-tx\6.2.10\spring-tx-6.2.10.jar;D:\project\maven\apache-maven-3.9.4-bin\apache-maven-3.9.4\mvn_repo\com\github\yulichang\mybatis-plus\3.5.8-001\mybatis-plus-3.5.8-001.jar;D:\project\maven\apache-maven-3.9.4-bin\apache-maven-3.9.4\mvn_repo\com\github\yulichang\mybatis-plus-core\3.5.8-001\mybatis-plus-core-3.5.8-001.jar;D:\project\maven\apache-maven-3.9.4-bin\apache-maven-3.9.4\mvn_repo\com\github\yulichang\mybatis-plus-join-boot-starter\1.5.1\mybatis-plus-join-boot-starter-1.5.1.jar;D:\project\maven\apache-maven-3.9.4-bin\apache-maven-3.9.4\mvn_repo\com\github\yulichang\mybatis-plus-join-extension\1.5.1\mybatis-plus-join-extension-1.5.1.jar;D:\project\maven\apache-maven-3.9.4-bin\apache-maven-3.9.4\mvn_repo\com\github\yulichang\mybatis-plus-join-core\1.5.1\mybatis-plus-join-core-1.5.1.jar;D:\project\maven\apache-maven-3.9.4-bin\apache-maven-3.9.4\mvn_repo\com\github\yulichang\mybatis-plus-join-annotation\1.5.1\mybatis-plus-join-annotation-1.5.1.jar;D:\project\maven\apache-maven-3.9.4-bin\apache-maven-3.9.4\mvn_repo\com\github\yulichang\mybatis-plus-join-adapter-v33x\1.5.1\mybatis-plus-join-adapter-v33x-1.5.1.jar;D:\project\maven\apache-maven-3.9.4-bin\apache-maven-3.9.4\mvn_repo\com\github\yulichang\mybatis-plus-join-adapter-base\1.5.1\mybatis-plus-join-adapter-base-1.5.1.jar;D:\project\maven\apache-maven-3.9.4-bin\apache-maven-3.9.4\mvn_repo\com\github\yulichang\mybatis-plus-join-adapter-jsqlparser\1.5.1\mybatis-plus-join-adapter-jsqlparser-1.5.1.jar;D:\project\maven\apache-maven-3.9.4-bin\apache-maven-3.9.4\mvn_repo\com\github\yulichang\mybatis-plus-join-adapter-jsqlparser-v46\1.5.1\mybatis-plus-join-adapter-jsqlparser-v46-1.5.1.jar;D:\project\maven\apache-maven-3.9.4-bin\apache-maven-3.9.4\mvn_repo\com\github\yulichang\mybatis-plus-join-adapter-v3431\1.5.1\mybatis-plus-join-adapter-v3431-1.5.1.jar;D:\project\maven\apache-maven-3.9.4-bin\apache-maven-3.9.4\mvn_repo\com\github\yulichang\mybatis-plus-join-adapter-v352\1.5.1\mybatis-plus-join-adapter-v352-1.5.1.jar;D:\project\maven\apache-maven-3.9.4-bin\apache-maven-3.9.4\mvn_repo\com\github\yulichang\mybatis-plus-join-adapter-v355\1.5.1\mybatis-plus-join-adapter-v355-1.5.1.jar;D:\project\maven\apache-maven-3.9.4-bin\apache-maven-3.9.4\mvn_repo\com\github\yulichang\mybatis-plus-annotation\3.5.8-001\mybatis-plus-annotation-3.5.8-001.jar;D:\project\maven\apache-maven-3.9.4-bin\apache-maven-3.9.4\mvn_repo\com\baomidou\mybatis-plus-annotation\3.5.8\mybatis-plus-annotation-3.5.8.jar;D:\project\maven\apache-maven-3.9.4-bin\apache-maven-3.9.4\mvn_repo\com\github\yulichang\mybatis-plus-extension\3.5.8-001\mybatis-plus-extension-3.5.8-001.jar;D:\project\maven\apache-maven-3.9.4-bin\apache-maven-3.9.4\mvn_repo\org\mybatis\mybatis\3.5.16\mybatis-3.5.16.jar;D:\project\maven\apache-maven-3.9.4-bin\apache-maven-3.9.4\mvn_repo\com\github\jsqlparser\jsqlparser\5.0\jsqlparser-5.0.jar;D:\project\maven\apache-maven-3.9.4-bin\apache-maven-3.9.4\mvn_repo\com\github\yulichang\mybatis-plus-spring-boot-autoconfigure\3.5.8-001\mybatis-plus-spring-boot-autoconfigure-3.5.8-001.jar;D:\project\maven\apache-maven-3.9.4-bin\apache-maven-3.9.4\mvn_repo\com\baomidou\mybatis-plus-spring-boot-autoconfigure\3.5.8\mybatis-plus-spring-boot-autoconfigure-3.5.8.jar;D:\project\maven\apache-maven-3.9.4-bin\apache-maven-3.9.4\mvn_repo\com\alibaba\druid-spring-boot-starter\1.2.26\druid-spring-boot-starter-1.2.26.jar;D:\project\maven\apache-maven-3.9.4-bin\apache-maven-3.9.4\mvn_repo\com\alibaba\druid\1.2.26\druid-1.2.26.jar;D:\project\maven\apache-maven-3.9.4-bin\apache-maven-3.9.4\mvn_repo\org\slf4j\slf4j-api\2.0.17\slf4j-api-2.0.17.jar;D:\project\maven\apache-maven-3.9.4-bin\apache-maven-3.9.4\mvn_repo\org\springframework\boot\spring-boot-autoconfigure\3.5.5\spring-boot-autoconfigure-3.5.5.jar;D:\project\maven\apache-maven-3.9.4-bin\apache-maven-3.9.4\mvn_repo\org\glassfish\jaxb\jaxb-runtime\4.0.5\jaxb-runtime-4.0.5.jar;D:\project\maven\apache-maven-3.9.4-bin\apache-maven-3.9.4\mvn_repo\org\glassfish\jaxb\jaxb-core\4.0.5\jaxb-core-4.0.5.jar;D:\project\maven\apache-maven-3.9.4-bin\apache-maven-3.9.4\mvn_repo\org\eclipse\angus\angus-activation\2.0.2\angus-activation-2.0.2.jar;D:\project\maven\apache-maven-3.9.4-bin\apache-maven-3.9.4\mvn_repo\org\glassfish\jaxb\txw2\4.0.5\txw2-4.0.5.jar;D:\project\maven\apache-maven-3.9.4-bin\apache-maven-3.9.4\mvn_repo\com\sun\istack\istack-commons-runtime\4.1.2\istack-commons-runtime-4.1.2.jar;D:\project\maven\apache-maven-3.9.4-bin\apache-maven-3.9.4\mvn_repo\com\github\xiaoymin\knife4j-openapi3-jakarta-spring-boot-starter\4.5.0\knife4j-openapi3-jakarta-spring-boot-starter-4.5.0.jar;D:\project\maven\apache-maven-3.9.4-bin\apache-maven-3.9.4\mvn_repo\com\github\xiaoymin\knife4j-core\4.5.0\knife4j-core-4.5.0.jar;D:\project\maven\apache-maven-3.9.4-bin\apache-maven-3.9.4\mvn_repo\com\github\xiaoymin\knife4j-openapi3-ui\4.5.0\knife4j-openapi3-ui-4.5.0.jar;D:\project\maven\apache-maven-3.9.4-bin\apache-maven-3.9.4\mvn_repo\org\springdoc\springdoc-openapi-starter-webmvc-ui\2.3.0\springdoc-openapi-starter-webmvc-ui-2.3.0.jar;D:\project\maven\apache-maven-3.9.4-bin\apache-maven-3.9.4\mvn_repo\org\springdoc\springdoc-openapi-starter-webmvc-api\2.3.0\springdoc-openapi-starter-webmvc-api-2.3.0.jar;D:\project\maven\apache-maven-3.9.4-bin\apache-maven-3.9.4\mvn_repo\org\springdoc\springdoc-openapi-starter-common\2.3.0\springdoc-openapi-starter-common-2.3.0.jar;D:\project\maven\apache-maven-3.9.4-bin\apache-maven-3.9.4\mvn_repo\io\swagger\core\v3\swagger-core-jakarta\2.2.19\swagger-core-jakarta-2.2.19.jar;D:\project\maven\apache-maven-3.9.4-bin\apache-maven-3.9.4\mvn_repo\org\apache\commons\commons-lang3\3.17.0\commons-lang3-3.17.0.jar;D:\project\maven\apache-maven-3.9.4-bin\apache-maven-3.9.4\mvn_repo\io\swagger\core\v3\swagger-annotations-jakarta\2.2.19\swagger-annotations-jakarta-2.2.19.jar;D:\project\maven\apache-maven-3.9.4-bin\apache-maven-3.9.4\mvn_repo\io\swagger\core\v3\swagger-models-jakarta\2.2.19\swagger-models-jakarta-2.2.19.jar;D:\project\maven\apache-maven-3.9.4-bin\apache-maven-3.9.4\mvn_repo\jakarta\validation\jakarta.validation-api\3.0.2\jakarta.validation-api-3.0.2.jar;D:\project\maven\apache-maven-3.9.4-bin\apache-maven-3.9.4\mvn_repo\com\fasterxml\jackson\dataformat\jackson-dataformat-yaml\2.19.2\jackson-dataformat-yaml-2.19.2.jar;D:\project\maven\apache-maven-3.9.4-bin\apache-maven-3.9.4\mvn_repo\org\webjars\swagger-ui\5.10.3\swagger-ui-5.10.3.jar;D:\project\maven\apache-maven-3.9.4-bin\apache-maven-3.9.4\mvn_repo\org\springframework\boot\spring-boot-starter-security\3.5.5\spring-boot-starter-security-3.5.5.jar;D:\project\maven\apache-maven-3.9.4-bin\apache-maven-3.9.4\mvn_repo\org\springframework\spring-aop\6.2.10\spring-aop-6.2.10.jar;D:\project\maven\apache-maven-3.9.4-bin\apache-maven-3.9.4\mvn_repo\org\springframework\security\spring-security-config\6.5.3\spring-security-config-6.5.3.jar;D:\project\maven\apache-maven-3.9.4-bin\apache-maven-3.9.4\mvn_repo\org\springframework\security\spring-security-core\6.5.3\spring-security-core-6.5.3.jar;D:\project\maven\apache-maven-3.9.4-bin\apache-maven-3.9.4\mvn_repo\org\springframework\security\spring-security-crypto\6.5.3\spring-security-crypto-6.5.3.jar;D:\project\maven\apache-maven-3.9.4-bin\apache-maven-3.9.4\mvn_repo\org\springframework\security\spring-security-web\6.5.3\spring-security-web-6.5.3.jar;D:\project\maven\apache-maven-3.9.4-bin\apache-maven-3.9.4\mvn_repo\com\alibaba\fastjson\2.0.37\fastjson-2.0.37.jar;D:\project\maven\apache-maven-3.9.4-bin\apache-maven-3.9.4\mvn_repo\com\alibaba\fastjson2\fastjson2-extension\2.0.37\fastjson2-extension-2.0.37.jar;D:\project\maven\apache-maven-3.9.4-bin\apache-maven-3.9.4\mvn_repo\com\alibaba\fastjson2\fastjson2\2.0.37\fastjson2-2.0.37.jar;"/>
    <property name="sun.cpu.endian" value="little"/>
    <property name="user.home" value="C:\Users\lenovo"/>
    <property name="user.language" value="zh"/>
    <property name="java.specification.vendor" value="Oracle Corporation"/>
    <property name="java.version.date" value="2025-04-15"/>
    <property name="java.home" value="D:\project\jdk\jdk17"/>
    <property name="file.separator" value="\"/>
    <property name="basedir" value="D:\javaproject\lifedemo\Admin"/>
    <property name="java.vm.compressedOopsMode" value="Zero based"/>
    <property name="line.separator" value="&#10;"/>
    <property name="java.vm.specification.vendor" value="Oracle Corporation"/>
    <property name="java.specification.name" value="Java Platform API Specification"/>
    <property name="FILE_LOG_CHARSET" value="GBK"/>
    <property name="java.awt.headless" value="true"/>
    <property name="surefire.real.class.path" value="C:\Users\lenovo\AppData\Local\Temp\surefire1447337914524583825\surefirebooter-20250916084543462_3.jar"/>
    <property name="user.script" value=""/>
    <property name="sun.management.compiler" value="HotSpot 64-Bit Tiered Compilers"/>
    <property name="java.runtime.version" value="17.0.15+6-LTS"/>
    <property name="user.name" value="lenovo"/>
    <property name="path.separator" value=";"/>
    <property name="os.version" value="10.0"/>
    <property name="java.runtime.name" value="OpenJDK Runtime Environment"/>
    <property name="file.encoding" value="GBK"/>
    <property name="java.vm.name" value="OpenJDK 64-Bit Server VM"/>
    <property name="java.vendor.version" value="Microsoft-11369865"/>
    <property name="localRepository" value="D:\project\maven\apache-maven-3.9.4-bin\apache-maven-3.9.4\mvn_repo"/>
    <property name="java.vendor.url.bug" value="https://github.com/microsoft/openjdk/issues"/>
    <property name="java.io.tmpdir" value="C:\Users\lenovo\AppData\Local\Temp\"/>
    <property name="java.version" value="17.0.15"/>
    <property name="user.dir" value="D:\javaproject\lifedemo\Admin"/>
    <property name="os.arch" value="amd64"/>
    <property name="java.vm.specification.name" value="Java Virtual Machine Specification"/>
    <property name="PID" value="17312"/>
    <property name="sun.os.patch.level" value=""/>
    <property name="CONSOLE_LOG_CHARSET" value="GBK"/>
    <property name="native.encoding" value="GBK"/>
    <property name="java.library.path" value="D:\project\jdk\jdk17\bin;C:\WINDOWS\Sun\Java\bin;C:\WINDOWS\system32;C:\WINDOWS;D:\project\jdk\jdk17\bin;D:\vmxuniji\vm\bin\;C:\WINDOWS\system32;C:\WINDOWS;C:\WINDOWS\System32\Wbem;C:\WINDOWS\System32\WindowsPowerShell\v1.0\;C:\WINDOWS\System32\OpenSSH\;C:\Program Files\dotnet\;D:\project\MySQL\MySQL Server 8.0\bin;C:\WINDOWS\system32\downlevel;D:\project\maven\apache-maven-3.9.4-bin\apache-maven-3.9.4\bin;D:\project\Git\cmd;D:\project\gtk3\GTK3-Runtime Win64\bin;D:\github\zhuabao\;D:\project\xshell\;D:\project\xshell\xftp\;D:\project\node.js\;D:\project\weixinkaifa\微信web开发者工具\dll;D:\project\weixinkaifa\微信开发者工具2\微信web开发者工具\dll;C:\Program Files\Docker\Docker\resources\bin;C:\Program Files\NVIDIA Corporation\NVIDIA App\NvDLISR;C:\Program Files (x86)\NVIDIA Corporation\PhysX\Common;D:\project\jmeter\bin;C:\Users\lenovo\AppData\Local\Programs\Python\Python312\Scripts\;C:\Users\lenovo\AppData\Local\Programs\Python\Python312\;C:\Users\lenovo\AppData\Local\Programs\Python\Launcher\;D:\project\MySQL\MySQL Shell 8.0\bin\;C:\Users\lenovo\AppData\Local\Microsoft\WindowsApps;D:\project\Microsoft VS Code\bin;D:\project\idea\IntelliJ IDEA 2024.1.2\bin;;D:\project\pycharm2024\pycharm2024\PyCharm 2024.1.2\bin;;C:\Users\lenovo\AppData\Roaming\npm;C:\ProgramData\lenovo\GitHubDesktop\bin;C:\Users\lenovo\AppData\Local\GitHubDesktop\bin;."/>
    <property name="java.vm.info" value="mixed mode, sharing"/>
    <property name="java.vendor" value="Microsoft"/>
    <property name="java.vm.version" value="17.0.15+6-LTS"/>
    <property name="java.specification.maintenance.version" value="1"/>
    <property name="sun.io.unicode.encoding" value="UnicodeLittle"/>
    <property name="java.class.version" value="61.0"/>
    <property name="LOGGED_APPLICATION_NAME" value="[admin-service] "/>
  </properties>
  <testcase name="contextLoads" classname="com.example.admin.AdminApplicationTests" time="1.25">
    <system-out><![CDATA[08:45:44.828 [main] INFO org.springframework.test.context.support.AnnotationConfigContextLoaderUtils -- Could not detect default configuration classes for test class [com.example.admin.AdminApplicationTests]: AdminApplicationTests does not declare any static, non-private, non-final, nested classes annotated with @Configuration.
08:45:44.972 [main] INFO org.springframework.boot.test.context.SpringBootTestContextBootstrapper -- Found @SpringBootConfiguration com.example.admin.AdminApplication for test class com.example.admin.AdminApplicationTests

  .   ____          _            __ _ _
 /\\ / ___'_ __ _ _(_)_ __  __ _ \ \ \ \
( ( )\___ | '_ | '_| | '_ \/ _` | \ \ \ \
 \\/  ___)| |_)| | | | | || (_| |  ) ) ) )
  '  |____| .__|_| |_|_| |_\__, | / / / /
 =========|_|==============|___/=/_/_/_/

 :: Spring Boot ::                (v3.5.5)

2025-09-16T08:45:45.549+08:00  INFO 17312 --- [admin-service] [           main] c.example.admin.AdminApplicationTests    : Starting AdminApplicationTests using Java 17.0.15 with PID 17312 (started by lenovo in D:\javaproject\lifedemo\Admin)
2025-09-16T08:45:45.551+08:00  INFO 17312 --- [admin-service] [           main] c.example.admin.AdminApplicationTests    : No active profile set, falling back to 1 default profile: "default"
2025-09-16T08:45:47.271+08:00  INFO 17312 --- [admin-service] [           main] c.g.y.a.MybatisPlusJoinAutoConfiguration : MPJ SqlSessionFactory bean definition: sqlSessionFactory factoryBeanName: com.baomidou.mybatisplus.autoconfigure.MybatisPlusAutoConfiguration factoryMethodName: sqlSessionFactory source: com.baomidou.mybatisplus.autoconfigure.MybatisPlusAutoConfiguration.sqlSessionFactory(javax.sql.DataSource)
2025-09-16T08:45:47.506+08:00  INFO 17312 --- [admin-service] [           main] c.g.y.a.MybatisPlusJoinAutoConfiguration : mybatis plus join properties config complete
2025-09-16T08:45:47.689+08:00  INFO 17312 --- [admin-service] [           main] c.g.y.a.MybatisPlusJoinAutoConfiguration : mybatis plus join SqlInjector init
 _ _   |_  _ _|_. ___ _ |    _ 
| | |\/|_)(_| | |_\  |_)||_|_\ 
     /               |         
                        3.5.8-001 
2025-09-16T08:45:51.085+08:00  INFO 17312 --- [admin-service] [           main] r$InitializeUserDetailsManagerConfigurer : Global AuthenticationManager configured with UserDetailsService bean with name adminManage
2025-09-16T08:45:51.856+08:00  INFO 17312 --- [admin-service] [           main] o.s.v.b.OptionalValidatorFactoryBean     : Failed to set up a Bean Validation provider: jakarta.validation.NoProviderFoundException: Unable to create a Configuration, because no Jakarta Bean Validation provider could be found. Add a provider like Hibernate Validator (RI) to your classpath.
 _ _   |_  _ _|_. ___ _ |    _  .  _  .  _  
| | |\/|_)(_| | |_\  |_)||_|_\  | (_) | | | 
     /               |          /
                                    1.5.1
2025-09-16T08:45:52.369+08:00  INFO 17312 --- [admin-service] [           main] c.example.admin.AdminApplicationTests    : Started AdminApplicationTests in 7.199 seconds (process running for 8.517)
]]></system-out>
  </testcase>
</testsuite>